-0.0195312 0 1.03618e-18 1.30719e-11 4.32697e-08 0.00102775 157688 6.81254e+12 1.03882e+20 -5.19971e+27 -4.305e+35 -1.43813e+43
0.0195312 0 1.9878e-18 1.64046e-11 4.92646e-08 4.5601e-05 770.363 -2.15001e+10 -2.34446e+18 -8.78678e+25 -9.39533e+32 8.7054e+40
0.0585938 0 1.77663e-16 5.07059e-10 8.81808e-07 9.7776e-05 -9.30646 -4.03081e+08 -6.15099e+15 3.07628e+23 2.54684e+31 8.5074e+38
0.0976562 0 1.15835e-14 1.19313e-08 1.22877e-05 0.000936161 -0.00705899 677023 7.4012e+13 2.77405e+21 2.9654e+28 -2.74803e+36
0.136719 0 5.70963e-13 2.16787e-07 0.000132158 0.00686922 0.0922177 4985.84 7.6136e+10 -3.80442e+18 -3.14952e+26 -1.05197e+34
0.175781 0 2.18648e-11 3.11945e-06 0.00112346 0.0394815 0.378863 0.503153 -1.15219e+08 -4.31882e+15 -4.61543e+22 4.27776e+30
0.214844 0 6.62879e-10 3.61501e-05 0.00766184 0.179846 1.20994 3.53155 65593.3 -3.27424e+12 -2.71047e+20 -9.05251e+27
0.253906 0 1.61208e-08 0.000341091 0.0422738 0.651752 2.98486 5.8805 595.471 2.20988e+10 2.36093e+17 -2.18856e+25
0.292969 0 3.17324e-07 0.00263729 0.189264 1.87149 5.57692 6.77903 2.21191 6.38178e+07 5.28266e+15 1.76416e+23
0.332031 0 5.08434e-06 0.0167538 0.685955 4.19915 7.53683 4.54172 -0.0374026 -934092 -9.97617e+12 9.24944e+20
0.371094 0 6.64931e-05 0.0873529 1.99518 7.14478 6.56742 0.413075 -1.2376 -4687.19 -3.87969e+11 -1.29551e+19
0.410156 0 0.000709773 0.371904 4.57547 8.64548 2.27383 -1.73918 -0.0364006 105.958 1.12737e+09 -1.04544e+17
0.449219 2.55088e-266 0.00616576 1.2797 8.00083 6.25106 -1.81225 -0.485452 0.577733 0.620781 6.24761e+07 2.08599e+15
0.488281 3.99965e-210 0.0433134 3.49606 9.96208 0.644598 -1.79281 0.893083 -0.149085 -0.136379 -245101 2.27335e+13
0.527344 1.48096e-160 0.243427 7.35365 7.34308 -3.11776 0.735778 0.112647 -0.250658 0.142378 -17638.1 -5.88846e+11
0.566406 1.29497e-117 1.07611 11.2426 0.535468 -1.46007 1.02415 -0.550934 0.219661 -0.0376099 87.1137 -8.0841e+09
0.605469 2.67403e-81 3.64221 10.9208 -4.22758 1.68947 -0.629044 0.169355 0.0113434 -0.0552149 7.7534 2.57505e+08
0.644531 1.30397e-51 9.01876 3.66132 -1.90103 0.884475 -0.450246 0.255337 -0.145998 0.0720607 -0.0694359 4.26472e+06
0.683594 1.50161e-28 14.9631 -4.80387 2.47408 -1.25986 0.604113 -0.272703 0.110359 -0.0326089 -0.00507496 -161237
0.722656 4.08358e-12 13.1591 -4.27408 1.17827 -0.189491 -0.0251321 0.0265369 0.000610899 -0.0151198 0.0158926 -3127.6
0.761719 0.0262251 -0.59917 2.78016 -1.92179 0.941545 -0.396968 0.165615 -0.0762476 0.0384261 -0.0183436 136.884
0.800781 39.7727 -9.16236 2.56405 -0.113181 -0.392091 0.305189 -0.163221 0.0760772 -0.0322747 0.0111418 3.04208
0.839844 0.0142444 1.94211 -2.75774 1.38765 -0.402646 0.0357026 0.0350685 -0.0259267 0.0100104 -0.00084527 -0.153753
0.878906 1.20475e-12 4.93328 -0.294288 -0.790281 0.580396 -0.250556 0.0832444 -0.0266466 0.0114552 -0.00701448 0.000621642
0.917969 2.40625e-29 -5.55414 2.07794 -0.387659 -0.196164 0.210367 -0.113253 0.049842 -0.0216395 0.00989184 -0.00414791
0.957031 1.13495e-52 3.4284 -1.57284 0.883299 -0.240054 -0.0270876 0.0627583 -0.0395289 0.019047 -0.00810549 0.00286719
0.996094 1.26417e-82 -1.5486 0.165722 -0.556264 0.37841 -0.127258 0.0131809 0.0109133 -0.00849648 0.00365795 -0.000809769
1.03516 3.32526e-119 0.56405 0.862835 -0.0524534 -0.221193 0.161609 -0.0632761 0.016454 -0.00327141 0.00110236 -0.00101787
1.07422 2.06556e-162 -0.173963 -1.17498 0.450096 -0.0323704 -0.091484 0.0675549 -0.0298237 0.0110887 -0.00442987 0.00214288
1.11328 3.03e-212 0.046786 1.00955 -0.493141 0.200158 -0.0122369 -0.0365495 0.026824 -0.0128974 0.00557317 -0.00242552
1.15234 1.04964e-268 -0.0111882 -0.688243 0.297662 -0.218942 0.0846886 -0.00502411 -0.0129778 0.00951566 -0.00469966 0.001994
1.19141 0 0.00241187 0.401636 -0.0435909 0.128298 -0.0990493 0.0351784 -0.00327414 -0.00341712 0.00255649 -0.00112862
1.23047 0 -0.000473448 -0.208272 -0.148097 -0.00577242 0.0654328 -0.0437613 0.0149511 -0.00265687 -7.02342e-05 0.000145317
1.26953 0 8.52722e-05 0.0981257 0.239758 -0.0868058 -0.0121924 0.0328165 -0.0187771 0.00670596 -0.00197427 0.000691903
1.30859 0 -1.41736e-05 -0.0426268 -0.248521 0.124092 -0.0334666 -0.0116191 0.0152379 -0.00790094 0.0031122 -0.00121867
1.34766 0 2.18389e-06 0.0172535 0.210099 -0.111782 0.0563935 -0.00938389 -0.00725173 0.0065029 -0.00323432 0.0013805
1.38672 0 -3.13014e-07 -0.00655786 -0.155891 0.0707169 -0.0549436 0.0228689 -0.00155979 -0.00347497 0.00251835 -0.0012156
1.42578 0 4.18429e-08 0.00235482 0.10505 -0.0226268 0.0365477 -0.0262198 0.00826288 8.20715e-06 -0.00130805 0.000822651
1.46484 0 -5.22714e-09 -0.000802678 -0.0655603 -0.0175738 -0.0117251 0.0208843 -0.011327 0.00287243 -1.32134e-05 -0.000325174
1.50391 0 6.11089e-10 0.000260734 0.0383728 0.0433732 -0.0105431 -0.0105915 0.0106765 -0.00453847 0.00112223 -0.000159336
1.54297 0 -6.69185e-11 -8.09669e-05 -0.0212504 -0.0547099 0.0250349 -0.000531669 -0.00729483 0.00481574 -0.00181402 0.000540735
1.58203 0 6.86761e-12 2.41003e-05 0.011207 0.0549859 -0.0304067 0.00930043 0.00265159 -0.00390954 0.00201772 -0.000766736
1.62109 0 -6.60584e-13 -6.89136e-06 -0.00565652 -0.0485526 0.0280956 -0.0140635 0.00182459 0.00225785 -0.00177936 0.000823723
1.66016 0 5.95384e-14 1.89659e-06 0.0027432 0.0391971 -0.0208792 0.0146543 -0.00509899 -0.000370625 0.00122479 -0.000730419
1.69922 0 -5.02504e-15 -5.03181e-07 -0.00128233 -0.0295451 0.0116675 -0.0119596 0.00667517 -0.00130272 -0.000516104 0.000527505
1.73828 0 3.96759e-16 1.28869e-07 0.000579308 0.0210601 -0.00276427 0.00736592 -0.00656344 0.00245578 -0.000187907 -0.000266043
1.77734 0 -2.92663e-17 -3.18973e-08 -0.000253482 -0.0143183 -0.00441143 -0.002277 0.00513945 -0.00295444 0.000760677 -3.03415e-06
1.81641 0 2.01329e-18 7.63797e-09 0.000107626 0.00934194 0.00927759 -0.00220416 -0.00296228 0.0028223 -0.00112368 0.000236952
1.85547 0 -1.28883e-19 -1.7709e-09 -4.44134e-05 -0.00587604 -0.0118729 0.00541292 0.00060714 -0.00219814 0.00124972 -0.000405989
1.89453 0 7.65767e-21 3.97849e-10 1.78374e-05 0.00357587 0.0125992 -0.00711633 0.00145527 0.0012822 -0.00115646 0.00049528
1.93359 0 -4.20947e-22 -8.66609e-11 -6.9805e-06 -0.00211135 -0.0120002 0.00741808 -0.002922 -0.00028487 0.000893921 -0.000504019
1.97266 0 2.13278e-23 1.83121e-11 2.66461e-06 0.00121236 0.0106081 -0.00662915 0.00366909 -0.000613107 -0.000529556 0.000442809
2.01172 0 -9.91485e-25 -3.75538e-12 -9.93043e-07 -0.000678315 -0.0088598 0.00514412 -0.00372546 0.00128478 0.000134032 -0.000329987
2.05078 0 4.20627e-26 7.47703e-13 3.61609e-07 0.000370395 0.00706741 -0.00334609 0.00322637 -0.00166568 0.000230205 0.000187669
2.08984 0 -1.61787e-27 -1.44574e-13 -1.28753e-07 -0.000197668 -0.00542357 0.00154777 -0.00236183 0.00174975 -0.00051649 -3.8138e-05
2.12891 0 5.59728e-29 2.71539e-14 4.48535e-08 0.00010322 0.00402468 3.40299e-05 0.00133099 -0.0015768 0.000697458 -9.90489e-05
2.16797 0 -1.72481e-30 -4.95489e-15 -1.52967e-08 -5.27956e-05 -0.00289908 -0.0012786 -0.000308585 0.001216 -0.000764985 0.000209
2.20703 0 4.67614e-32 8.78498e-16 5.1095e-09 2.64749e-05 0.0020331 0.00214599 -0.000574707 -0.000748893 0.000727437 -0.000282456
2.24609 0 -1.0978e-33 -1.51349e-16 -1.67236e-09 -1.30263e-05 -0.00139139 -0.00265478 0.00123912 0.000254968 -0.000605281 0.000315882
2.28516 0 2.18513e-35 2.5337e-17 5.36564e-10 6.29314e-06 0.000931018 0.00285923 -0.00165294 0.000198872 0.000426037 -0.000310855
2.32422 0 -3.58067e-37 -4.12149e-18 -1.68813e-10 -2.98707e-06 -0.000610069 -0.00282978 0.00182352 -0.000564427 -0.000219431 0.000272985
2.36328 0 4.62338e-39 6.51386e-19 5.20978e-11 1.3938e-06 0.000392004 0.00263858 -0.0017854 0.000814205 1.33079e-05 -0.000210587
2.40234 0 -4.3759e-41 -1.00013e-19 -1.57753e-11 -6.39663e-07 -0.000247278 -0.00235024 0.00158838 -0.000940174 0.000169325 0.000133314
2.44141 0 2.62974e-43 1.49154e-20 4.68796e-12 2.88865e-07 0.000153282 0.00201707 -0.00128709 0.000950301 -0.000312044 -5.09012e-05
2.48047 0 -6.40091e-46 -2.16014e-21 -1.36752e-12 -1.28413e-07 -9.34488e-05 -0.00167773 0.000933199 -0.00086394 0.000405603 -2.78424e-05
2.51953 0 -1.34195e-48 3.03732e-22 3.91655e-13 5.62153e-08 5.60739e-05 0.00135807 -0.000570365 0.000706986 -0.000447569 9.5801e-05
2.55859 0 -3.89041e-58 -4.1451e-23 -1.10145e-13 -2.42423e-08 -3.31388e-05 -0.00107318 0.000231673 -0.000507457 0.000441282 -0.000147895
2.59766 0 -2.56264e-74 5.48868e-24 3.0421e-14 1.03014e-08 1.93e-05 0.000829879 6.08304e-05 0.000291944 -0.000394391 0.000181393
2.63672 0 -3.84543e-97 -7.049e-25 -8.25241e-15 -4.31464e-09 -1.10827e-05 -0.000629186 -0.00029522 -8.31177e-05 0.000317248 -0.000195459
2.67578 0 -1.31757e-126 8.77669e-26 2.19901e-15 1.78165e-09 6.27774e-06 0.000468427 0.000467922 -0.000101706 -0.000221352 0.00019153
2.71484 0 -1.03295e-162 -1.05895e-26 -5.75631e-16 -7.25483e-10 -3.50927e-06 -0.000342895 -0.000581591 0.000251061 0.000118005 -0.00017169
2.75391 0 -1.85643e-205 1.23748e-27 1.48033e-16 2.91371e-10 1.93663e-06 0.000247063 0.00064301 -0.000359083 -1.72733e-05 0.000140368
2.79297 0 -7.66161e-255 -1.39984e-28 -3.74011e-17 -1.15441e-10 -1.05546e-06 -0.00017538 -0.000661226 0.000424757 -7.27158e-05 -0.00010016
2.83203 0 -7.27234e-311 1.53189e-29 9.28398e-18 4.51271e-11 5.68252e-07 0.000122751 0.000646061 -0.000450867 0.000146144 5.75923e-05
2.87109 0 0 -1.62068e-30 -2.26419e-18 -1.74078e-11 -3.02316e-07 -8.477e-05 -0.000607023 0.000442849 -0.000199574 -1.27241e-05
2.91016 0 0 1.65642e-31 5.4252e-19 6.62732e-12 1.58971e-07 5.77953e-05 0.000552606 -0.000407687 0.0002318 -2.52418e-05
2.94922 0 0 -1.63422e-32 -1.27713e-19 -2.4904e-12 -8.26435e-08 -3.89233e-05 -0.000489906 0.000352943 -0.000243514 6.26628e-05
2.98828 0 0 1.55505e-33 2.95366e-20 9.23819e-13 4.24844e-08 2.59059e-05 0.000424496 -0.000285995 0.000236898 -8.4478e-05
3.02734 0 0 -1.42585e-34 -6.71068e-21 -3.38321e-13 -2.16005e-08 -1.70468e-05 -0.000360473 0.000213482 -0.000215136 0.000109099
3.06641 0 0 1.25852e-35 1.49772e-21 1.2233e-13 1.0864e-08 1.10944e-05 0.000300619 -0.000140962 0.000182023 -0.000108594
3.10547 0 0 -1.06815e-36 -3.28338e-22 -4.36745e-14 -5.40599e-09 -7.14394e-06 -0.000246616 7.27511e-05 -0.000141455 0.000122479
3.14453 0 0 8.70729e-38 7.06974e-23 1.53972e-14 2.66188e-09 4.55273e-06 0.000199281 -1.19016e-05 9.72922e-05 -9.75474e-05
3.18359 0 0 -6.80848e-39 -1.49498e-23 -5.36044e-15 -1.29714e-09 -2.8723e-06 -0.000158793 -3.97035e-05 -5.2773e-05 0.000109216
3.22266 0 0 5.09952e-40 3.10435e-24 1.84297e-15 6.25641e-10 1.79442e-06 0.000124887 8.11951e-05 1.09323e-05 -5.90888e-05
3.26172 0 0 -3.65308e-41 -6.32935e-25 -6.2577e-16 -2.98712e-10 -1.11033e-06 -9.70206e-05 -0.000112523 2.64679e-05 8.19779e-05
3.30078 0 0 2.49871e-42 1.2669e-25 2.09846e-16 1.41193e-10 6.8062e-07 7.45013e-05 0.000134254 -5.73445e-05 -4.05287e-06
3.33984 0 0 -1.62894e-43 -2.48922e-26 -6.94997e-17 -6.60767e-11 -4.13399e-07 -5.6581e-05 -0.000147373 8.1835e-05 5.52784e-05
3.37891 0 0 1.01008e-44 4.80011e-27 2.27337e-17 3.06193e-11 2.48841e-07 4.25212e-05 0.000153117 -9.82121e-05 5.77727e-05
3.41797 0 0 -5.94428e-46 -9.08314e-28 -7.3445e-18 -1.40503e-11 -1.48468e-07 -3.16346e-05 -0.00015283 0.000108903 4.2168e-05
3.45703 0 0 3.31185e-47 1.68633e-28 2.34348e-18 6.3849e-12 8.78149e-08 2.33086e-05 0.00014785 -0.000111248 0.000120391
3.49609 0 0 -1.74212e-48 -3.07105e-29 -7.38524e-19 -2.87359e-12 -5.14974e-08 -1.70145e-05 -0.000139431 0.000110777 5.24252e-05
3.53516 0 0 8.62555e-50 5.48509e-30 2.29861e-19 1.28092e-12 2.99461e-08 1.23087e-05 0.000128694 -0.000101824 0.000182713
3.57422 0 0 -4.00585e-51 -9.60593e-31 -7.06571e-20 -5.65544e-13 -1.72696e-08 -8.82707e-06 -0.000116591 9.47725e-05 9.24001e-05
3.61328 0 0 1.73818e-52 1.64914e-31 2.14499e-20 2.47332e-13 9.8778e-09 6.27691e-06 0.000103906 -7.78041e-05 0.000248349
3.65234 0 0 -7.0152e-54 -2.77481e-32 -6.43077e-21 -1.07146e-13 -5.6042e-09 -4.42692e-06 -9.12373e-05 6.94238e-05 0.000165427
3.69141 0 0 2.61986e-55 4.57465e-33 1.90393e-21 4.59804e-14 3.15416e-09 3.09725e-06 7.90572e-05 -4.69394e-05 0.00032495
3.73047 0 0 -8.99877e-57 -7.38782e-34 -5.56639e-22 -1.9547e-14 -1.76118e-09 -2.15007e-06 -6.76447e-05 4.24061e-05 0.000273889
3.76953 0 0 2.82263e-58 1.16839e-34 1.60698e-22 8.23203e-15 9.75688e-10 1.48119e-06 5.72535e-05 -1.5204e-05 0.000421274
3.80859 0 0 -8.01621e-60 -1.80901e-35 -4.58077e-23 -3.4345e-15 -5.3633e-10 -1.01279e-06 -4.78945e-05 1.94795e-05 0.00041964
3.84766 0 0 2.03977e-61 2.74122e-36 1.28924e-23 1.41956e-15 2.92547e-10 6.87457e-07 3.97429e-05 1.36631e-05 0.000551682
3.88672 0 0 -4.58997e-63 -4.06401e-37 -3.58239e-24 -5.81281e-16 -1.58353e-10 -4.63282e-07 -3.25507e-05 4.25743e-06 0.000602538
3.92578 0 0 8.98126e-65 5.89285e-38 9.82711e-25 2.35809e-16 8.50646e-11 3.1001e-07 2.65946e-05 3.8754e-05 0.000720084
3.96484 0 0 -1.4941e-66 -8.35406e-39 -2.6611e-25 -9.47715e-17 -4.53505e-11 -2.06007e-07 -2.12893e-05 -1.3438e-06 0.000844948
4.00391 0 0 2.04705e-68 1.15746e-39 7.11293e-26 3.77345e-17 2.39964e-11 1.35967e-07 1.72659e-05 5.9359e-05 0.000941232
4.04297 0 0 -2.20037e-70 -1.56669e-40 -1.87652e-26 -1.48847e-17 -1.26025e-11 -8.9122e-08 -1.33762e-05 3.17259e-06 0.00109128
4.08203 0 0 1.7053e-72 2.07081e-41 4.8858e-27 5.81674e-18 6.56945e-12 5.8063e-08 1.09906e-05 8.20639e-05 0.00128902
4.12109 0 0 -7.87934e-75 -2.6717e-42 -1.25534e-27 -2.25192e-18 -3.39921e-12 -3.75038e-08 -7.97619e-06 1.7658e-05 0.00147719
4.16016 0 0 7.90971e-78 3.36301e-43 3.18264e-28 8.63677e-19 1.74588e-12 2.42287e-08 7.03709e-06 9.29182e-05 0.00139405
4.19922 0 0 7.88678e-80 -4.12806e-44 -7.96109e-29 -3.28148e-19 -8.90118e-13 -1.52312e-08 -4.2824e-06 4.70006e-05 0.00209212
4.23828 0 0 3.90583e-89 4.93879e-45 1.96459e-29 1.23509e-19 4.50493e-13 1.01141e-08 4.78319e-06 0.000154638 0.00246654
4.27734 0 0 4.36549e-105 -5.75592e-46 -4.78231e-30 -4.60496e-20 -2.2633e-13 -5.58702e-09 -1.73457e-06 5.44276e-05 0.000968029
4.31641 0 0 1.10424e-127 6.53104e-47 1.14821e-30 1.70076e-20 1.12882e-13 4.84032e-09 3.77489e-06 6.19954e-05 0.0031997
4.35547 0 0 6.33699e-157 -7.21043e-48 -2.71878e-31 -6.22209e-21 -5.58823e-14 -8.12052e-10 5.48747e-07 0.000262501 0.00684686
4.39453 0 0 8.26927e-193 7.74061e-49 6.34806e-32 2.25472e-21 2.74931e-14 4.05186e-09 4.08888e-06 0.000511267 -0.00500823
4.43359 0 0 2.45868e-235 -8.07481e-50 -1.46139e-32 -8.09274e-22 -1.33097e-14 3.11521e-09 1.98544e-06 -0.000494515 0.00756997
4.47266 0 0 1.66876e-284 8.17943e-51 3.31662e-33 2.87694e-22 6.84493e-15 6.72636e-09 3.78653e-06 -0.000573583 0.0262034
4.51172 0 0 0 -8.03933e-52 -7.41936e-34 -1.01293e-22 -1.85472e-15 8.7648e-09 5.6421e-06 0.0034048 -0.127909
4.55078 0 0 0 7.66081e-53 1.63575e-34 3.53203e-23 5.83009e-15 1.32964e-08 1.11355e-05 0.00175079 0.164476
4.58984 0 0 0 -7.07161e-54 -3.55374e-35 -1.21968e-23 1.34278e-14 1.86407e-08 6.016e-06 -0.0130065 1.41833
4.62891 0 0 0 6.31767e-55 7.60681e-36 4.17087e-24 4.40356e-14 2.73803e-08 -7.03238e-06 0.00352246 -3.00906
4.66797 0 0 0 -5.45722e-56 -1.60398e-36 -1.41228e-24 1.27883e-13 3.95175e-08 1.14444e-05 0.052079 -16.9004
4.70703 0 0 0 4.55316e-57 3.33124e-37 4.74028e-25 3.54703e-13 5.42959e-08 7.77066e-05 -0.0484656 35.6692
4.74609 0 0 0 -3.66524e-58 -6.81314e-38 -1.53837e-25 9.26321e-13 6.8746e-08 3.63941e-05 -0.173301 231.216
4.78516 0 0 0 2.84332e-59 1.37197e-38 7.46187e-26 2.27624e-12 8.66592e-08 -0.000214656 0.332829 -407.208
4.82422 0 0 0 -2.12291e-60 -2.71971e-39 1.33009e-25 5.24748e-12 1.2597e-07 -0.000103136 0.455994 -3180.04
4.86328 0 0 0 1.52342e-61 5.30634e-40 9.44504e-25 1.13226e-11 2.01092e-07 0.000899833 -1.73641 4651.37
4.90234 0 0 0 -1.04918e-62 -1.01878e-40 5.64728e-24 2.283e-11 2.6888e-07 0.000663193 -0.453288 41976.6
4.94141 0 0 0 6.92348e-64 1.92435e-41 3.26029e-23 4.30249e-11 2.31423e-07 -0.00321152 7.62433 -51481
4.98047 0 0 0 -4.37002e-65 -3.57534e-42 1.80461e-22 7.60697e-11 1.43265e-07 -0.00269782 -4.70611 -529648
5.01953 0 0 0 2.63329e-66 6.53458e-43 9.57644e-22 1.27392e-10 4.36263e-07 0.0123531 -27.8428 540611
5.05859 0 0 0 -1.5117e-67 -1.13949e-43 4.8697e-21 2.05528e-10 1.3757e-06 0.011156 45.0653 6.41226e+06
5.09766 0 0 0 8.24866e-69 7.72824e-44 2.37162e-20 3.26341e-10 1.64032e-06 -0.0471611 76.1058 -5.33718e+06
5.13672 0 0 0 -4.2673e-70 8.84209e-43 1.10552e-19 5.17541e-10 -1.0211e-06 -0.0421061 -263.192 -7.46731e+07
5.17578 0 0 0 2.08713e-71 1.31845e-41 4.92905e-19 8.15647e-10 -3.76593e-06 0.184157 -70.6712 4.917e+07
5.21484 0 0 0 -9.6206e-73 1.85418e-40 2.10032e-18 1.24637e-09 4.31489e-06 0.151022 1197.56 8.37306e+08
5.25391 0 0 0 4.16461e-74 2.47209e-39 8.54563e-18 1.79947e-09 2.18933e-05 -0.725122 -898.846 -4.1729e+08
5.29297 0 0 0 -1.68625e-75 3.12726e-38 3.31658e-17 2.45503e-09 7.38009e-06 -0.49922 -4300.01 -9.04435e+09
5.33203 0 0 0 6.35695e-77 3.75666e-37 1.22637e-16 3.33069e-09 -6.61298e-05 2.87443 8433.63 3.17487e+09
5.37109 0 0 0 -2.21951e-78 4.28836e-36 4.3148e-16 4.8654e-09 -6.38434e-05 1.46063 10549.7 9.41503e+10
5.41016 0 0 0 7.13277e-80 4.65496e-35 1.44231e-15 7.61954e-09 0.000207174 -11.3812 -49360.7 -2.02567e+10
5.44922 0 0 0 -2.09448e-81 4.80762e-34 4.57273e-15 1.1265e-08 0.00037425 -3.26667 -1116.35 -9.44949e+11
5.48828 0 0 0 5.5704e-83 4.72672e-33 1.37238e-14 1.36293e-08 -0.000506525 44.6938 232962 8.4581e+10
5.52734 0 0 0 -1.3274e-84 4.4259e-32 3.89059e-14 1.28494e-08 -0.00161161 1.36819 -168542 9.14816e+12
5.56641 0 0 0 2.79592e-86 3.94846e-31 1.03929e-13 1.42717e-08 0.000988906 -172.622 -983872 2.46295e+11
5.60547 0 0 0 -5.11442e-88 3.35726e-30 2.60902e-13 3.30969e-08 0.00630196 45.1031 1.04735e+06 -8.54649e+13
5.64453 0 0 0 7.94074e-90 2.7214e-29 6.13748e-13 7.31208e-08 -0.00056442 649.703 4.38898e+06 -1.15351e+13
5.68359 0 0 0 3.05584e-77 2.10353e-28 1.34905e-12 8.69866e-08 -0.0227309 -387.593 -2.20708e+06 7.70808e+14
5.72266 0 0 0 2.88684e-68 1.55067e-27 2.76387e-12 -9.87602e-10 -0.00718447 -2355.92 -2.63416e+07 1.81382e+14
5.76172 0 0 0 1.71931e-65 1.09032e-26 5.27129e-12 -1.20716e-07 0.0782338 2346.18 -2.65664e+07 -6.71385e+15
5.80078 0 0 0 4.29561e-63 7.31255e-26 9.37389e-12 8.27095e-08 0.0528724 8102.59 2.14338e+08 -2.20577e+15
5.83984 0 0 0 6.49304e-61 4.67796e-25 1.56539e-11 7.92902e-07 -0.259966 -12190.5 4.4762e+08 5.64955e+16
5.87891 0 0 0 6.89314e-59 2.85419e-24 2.49425e-11 9.85443e-07 -0.263025 -25768.8 -1.90435e+09 2.34544e+16
5.91797 0 0 0 5.56913e-57 1.66066e-23 3.88919e-11 -1.11931e-06 0.845178 57437.7 -4.60208e+09 -4.59424e+17
5.95703 0 0 0 3.59899e-55 9.21213e-23 6.08853e-11 -3.87229e-06 1.12743 72025.3 1.63073e+10 -2.27689e+17
5.99609 0 0 0 1.92418e-53 4.8707e-22 9.63319e-11 5.88693e-07 -2.71426 -250417 4.02718e+10 3.61159e+18
6.03516 0 0 0 8.72018e-52 2.45365e-21 1.5048e-10 1.43795e-05 -4.45122 -153066 -1.31021e+11 2.05952e+18
6.07422 0 0 0 3.41153e-50 1.17713e-20 2.23244e-10 1.25262e-05 8.69358 1.01652e+06 -3.26649e+11 -2.7453e+19
6.11328 0 0 0 1.16864e-48 5.3751e-20 3.06819e-10 -3.50031e-05 16.6652 69201.9 9.92018e+11 -1.7555e+19
6.15234 0 0 0 3.54517e-47 2.33461e-19 3.99567e-10 -6.94566e-05 -28.0089 -3.83255e+06 2.53339e+12 2.01836e+20
6.19141 0 0 0 9.61224e-46 9.63767e-19 5.41474e-10 6.02113e-05 -60.0416 1.71119e+06 -7.14502e+12 1.41992e+20
6.23047 0 0 0 2.34726e-44 3.77808e-18 8.32589e-10 0.000276895 91.4362 1.32683e+07 -1.89884e+13 -1.43556e+21
6.26953 0 0 0 5.19555e-43 1.40495e-17 1.34506e-09 1.42734e-05 209.819 -1.32263e+07 4.93366e+13 -1.09483e+21
6.30859 0 0 0 1.0481e-41 4.95021e-17 1.90945e-09 -0.000884437 -303.935 -4.10666e+07 1.37845e+14 9.87993e+21
6.34766 0 0 0 1.93602e-40 1.65032e-16 2.05993e-09 -0.000645607 -713.959 6.90488e+07 -3.28267e+14 8.07316e+21
6.38672 0 0 0 3.28776e-39 5.19782e-16 1.67445e-09 0.00242885 1030.29 1.06298e+08 -9.68475e+14 -6.58076e+22
6.42578 0 0 0 5.15113e-38 1.54391e-15 2.16051e-09 0.00357672 2368.18 -2.935e+08 2.11064e+15 -5.70645e+22
6.46484 0 0 0 7.46881e-37 4.31644e-15 6.08871e-09 -0.0056226 -3554.42 -1.79572e+08 6.57735e+15 4.24287e+23
6.50391 0 0 0 1.00488e-35 1.13345e-14 1.2693e-08 -0.0144685 -7647.82 1.03129e+09 -1.31312e+16 3.87325e+23
6.54297 0 0 0 1.25755e-34 2.78909e-14 1.27816e-08 0.0100783 12416.7 -2.0972e+08 -4.3142e+16 -2.6483e+24
6.58203 0 0 0 1.46688e-33 6.41698e-14 -3.25902e-09 0.0504445 23961.6 -2.68998e+09 7.90835e+16 -2.52788e+24
6.62109 0 0 0 1.59777e-32 1.37769e-13 -1.82902e-08 -0.00758455 -43619.7 3.95722e+09 2.73194e+17 1.60049e+25
6.66016 0 0 0 1.62779e-31 2.75706e-13 1.95931e-08 -0.159916 -72382.1 1.7795e+09 -4.6107e+17 1.58806e+25
6.69922 0 0 0 1.55333e-30 5.14711e-13 1.18616e-07 -0.0435094 152950 -2.49928e+10 -1.67013e+18 -9.36612e+25
6.73828 0 0 0 1.39013e-29 9.00336e-13 1.26124e-07 0.473783 208645 4.00355e+10 2.60194e+18 -9.61116e+25
6.77734 0 0 0 1.16799e-28 1.49073e-12 -1.51826e-07 0.306579 -531450 1.22839e+11 9.85869e+18 5.30788e+26
6.81641 0 0 0 9.22211e-28 2.37742e-12 -4.49402e-07 -1.33288 -563920 -3.85004e+11 -1.42112e+19 5.60755e+26
6.85547 0 0 0 6.84805e-27 3.73216e-12 1.00858e-07 -1.34769 1.81783e+06 -5.39336e+11 -5.62068e+19 -2.91314e+27
6.89453 0 0 0 4.78561e-26 5.8582e-12 1.54136e-06 3.60212 1.38187e+06 2.54943e+12 7.51202e+19 -3.1557e+27
6.93359 0 0 0 3.149e-25 9.17085e-12 1.28763e-06 4.98982 -6.08445e+06 2.26914e+12 3.09581e+20 1.54844e+28
6.97266 0 0 0 1.95187e-24 1.40264e-11 -3.12484e-06 -9.44123 -2.83249e+06 -1.45527e+13 -3.84325e+20 1.7137e+28
7.01172 0 0 0 1.13997e-23 2.04908e-11 -6.12354e-06 -16.8158 1.98164e+07 -9.68741e+12 -1.64767e+21 -7.9712e+28
7.05078 0 0 0 6.2744e-23 2.84943e-11 4.21822e-06 24.2254 3.51503e+06 7.64952e+13 1.90331e+21 -8.9834e+28
7.08984 0 0 6.87273e-307 3.25468e-22 3.88924e-11 2.10095e-05 53.3035 -6.24476e+07 4.37714e+13 8.47511e+21 3.97415e+29
7.12891 0 0 8.68593e-252 1.59099e-21 5.49074e-11 4.23402e-06 -61.4758 6.64e+06 -3.811e+14 -9.12549e+21 4.54712e+29
7.16797 0 0 2.75142e-203 7.32762e-21 8.1371e-11 -5.5231e-05 -161.684 1.89236e+08 -2.11234e+14 -4.21353e+22 -1.91883e+30
7.20703 0 0 2.17592e-161 3.17871e-20 1.19196e-10 -4.88186e-05 156.074 -7.35256e+07 1.82592e+15 4.23656e+22 -2.22286e+30
7.24609 0 0 4.28119e-126 1.29818e-19 1.59198e-10 0.000121198 474.009 -5.47292e+08 1.06283e+15 2.02484e+23 8.97175e+30
7.28516 0 0 2.08918e-97 4.98841e-19 1.89622e-10 0.000209525 -401.33 3.67523e+08 -8.47573e+15 -1.90479e+23 1.04963e+31
7.32422 0 0 2.52159e-75 1.80226e-18 2.25656e-10 -0.000204561 -1351.11 1.49539e+09 -5.38394e+15 -9.40541e+23 -4.06185e+31
7.36328 0 0 7.50883e-60 6.11697e-18 3.28389e-10 -0.000678122 1057.08 -1.42673e+09 3.82434e+16 8.29498e+23 -4.788e+31
7.40234 0 0 5.50411e-51 1.9485e-17 5.43888e-10 0.000187875 3756.42 -3.80169e+09 2.67198e+16 4.22268e+24 1.78045e+32
7.44141 0 0 2.02862e-48 5.81912e-17 7.70228e-10 0.00189582 -2872.74 4.65345e+09 -1.67875e+17 -3.49906e+24 2.11004e+32
7.48047 0 0 2.81528e-46 1.62755e-16 7.69059e-10 0.000410471 -10198.7 8.75931e+09 -1.27901e+17 -1.83226e+25 -7.55494e+32
7.51953 0 0 2.28035e-44 4.25877e-16 5.5825e-10 -0.00476585 8061.6 -1.25598e+10 7.16523e+17 1.42978e+25 -8.98363e+32
7.55859 0 0 1.27369e-42 1.04172e-15 8.25615e-10 -0.0030808 27022.6 -1.73194e+10 5.86267e+17 7.6829e+25 3.10281e+33
7.59766 0 0 5.3493e-41 2.38108e-15 2.2846e-09 0.0110296 -23227.1 2.41867e+10 -2.97008e+18 -5.65925e+25 3.69506e+33
7.63672 0 0 1.78032e-39 5.08842e-15 3.86074e-09 0.0119807 -69705.6 2.50456e+10 -2.56695e+18 -3.11272e+26 -1.23315e+34
7.67578 0 0 4.86268e-38 1.01868e-14 2.64079e-09 -0.0237181 68029.2 -1.48498e+09 1.19393e+19 2.16959e+26 -1.46815e+34
7.71484 0 0 1.11747e-36 1.91851e-14 -1.27429e-09 -0.037786 174276 -4.39154e+09 1.07337e+19 1.21831e+27 4.74151e+34
7.75391 0 0 2.20096e-35 3.4235e-14 -1.99081e-10 0.0476208 -200323 -2.98416e+11 -4.64789e+19 -8.05486e+26 5.63438e+34
7.79297 0 0 3.7687e-34 5.84759e-14 1.2294e-08 0.106641 -419291 -1.407e+11 -4.28965e+19 -4.60565e+27 -1.76336e+35
7.83203 0 0 5.67353e-33 9.67386e-14 2.20577e-08 -0.0891253 587252 2.03031e+12 1.75007e+20 2.8954e+27 -2.08824e+35
7.87109 0 0 7.57748e-32 1.56566e-13 1.89519e-09 -0.280147 959517 6.45139e+11 1.6402e+20 1.68127e+28 6.34103e+35
7.91016 0 0 9.04525e-31 2.49019e-13 -3.3337e-08 0.15441 -1.70067e+06 -9.94117e+12 -6.36668e+20 -1.0074e+28 7.47281e+35
7.94922 0 0 9.70952e-30 3.8851e-13 -6.07494e-09 0.699794 -2.04676e+06 -1.8026e+12 -6.00669e+20 -5.9249e+28 -2.20409e+36
7.98828 0 0 9.42059e-29 5.91946e-13 1.00306e-07 -0.243532 4.83811e+06 4.17489e+13 2.23583e+21 3.39154e+28 -2.58136e+36
8.02734 0 0 8.29712e-28 8.79897e-13 1.10046e-07 -1.68407 3.90667e+06 2.72079e+12 2.10883e+21 2.01506e+29 7.40269e+36
8.06641 0 0 6.65765e-27 1.28326e-12 -1.23803e-07 0.337696 -1.34672e+07 -1.58841e+14 -7.57354e+21 -1.10436e+29 8.60484e+36
8.10547 0 0 4.88195e-26 1.85331e-12 -2.72614e-07 3.93953 -5.98204e+06 5.31867e+12 -7.10292e+21 -6.61163e+29 -2.40135e+37
8.14453 0 0 3.27998e-25 2.66275e-12 1.8605e-07 -0.378378 3.65798e+07 5.60949e+14 2.4729e+22 3.47649e+29 -2.76703e+37
8.18359 0 0 2.02354e-24 3.78693e-12 7.66684e-07 -9.01423 3.98643e+06 -6.58247e+13 2.29645e+22 2.09203e+30 7.52016e+37
8.22266 0 0 1.14846e-23 5.28417e-12 4.32637e-08 0.250856 -9.6768e+07 -1.86236e+15 -7.77853e+22 -1.05744e+30 8.57995e+37
8.26172 0 0 6.00562e-23 7.22636e-12 -1.54719e-06 20.2627 1.96836e+07 3.51261e+14 -7.12938e+22 -6.38074e+30 -2.27236e+38
8.30078 0 0 2.89739e-22 9.79179e-12 -6.4251e-07 0.171339 2.48967e+08 5.85569e+15 2.35569e+23 3.10597e+30 -2.56418e+38
8.33984 0 0 1.29104e-21 1.33044e-11 3.15801e-06 -44.8686 -1.23894e+08 -1.45826e+15 2.12563e+23 1.87497e+31 6.62146e+38
8.37891 0 0 5.3181e-21 1.80688e-11 2.6939e-06 -0.737702 -6.22302e+08 -1.75149e+16 -6.86455e+23 -8.80378e+30 7.38193e+38
8.41797 0 0 2.02683e-20 2.41325e-11 -5.42622e-06 98.0072 4.83698e+08 5.25487e+15 -6.0863e+23 -5.30499e+31 -1.8594e+39
8.45703 0 0 7.15257e-20 3.14641e-11 -7.09682e-06 0.000939897 1.50977e+09 4.9974e+16 1.92357e+24 2.40629e+31 -2.04587e+39
8.49609 0 0 2.33907e-19 4.06713e-11 9.10833e-06 -211.211 -1.57726e+09 -1.71282e+16 1.67325e+24 1.44429e+32 5.0283e+39
8.53516 0 0 7.09546e-19 5.32312e-11 1.7114e-05 7.68665 -3.55229e+09 -1.36239e+17 -5.17976e+24 -6.3368e+31 5.45466e+39
8.57422 0 0 1.99904e-18 7.01264e-11 -1.32996e-05 448.686 4.62191e+09 5.15205e+16 -4.41522e+24 -3.78072e+32 -1.3084e+40
8.61328 0 0 5.23983e-18 9.03641e-11 -3.64201e-05 -39.4082 8.09895e+09 3.5519e+17 1.33933e+25 1.60631e+32 -1.39793e+40
8.65234 0 0 1.28092e-17 1.12881e-10 1.82717e-05 -937.982 -1.25257e+10 -1.44601e+17 1.1176e+25 9.50761e+32 3.27291e+40
8.69141 0 0 2.93014e-17 1.40954e-10 7.41156e-05 139.949 -1.78764e+10 -8.85835e+17 -3.32248e+25 -3.91537e+32 3.44053e+40
8.73047 0 0 6.30014e-17 1.81065e-10 -2.05934e-05 1925.09 3.18253e+10 3.81174e+17 -2.71177e+25 -2.29465e+33 -7.86224e+40
8.76953 0 4.19484e-293 1.28037e-16 2.33352e-10 -0.000141819 -415.134 3.81613e+10 2.11307e+18 7.89953e+25 9.1662e+32 -8.12325e+40
8.80859 0 4.30127e-238 2.47555e-16 2.88736e-10 1.79185e-05 -3868 -7.63462e+10 -9.47401e+17 6.30154e+25 5.30906e+33 1.81159e+41
8.84766 0 1.10655e-189 4.5849e-16 3.46295e-10 0.000263169 1094.12 -7.86935e+10 -4.81847e+18 -1.79806e+26 -2.05825e+33 1.83766e+41
8.88672 0 7.11428e-148 8.18624e-16 4.27115e-10 -4.05401e-07 7584.37 1.73549e+11 2.22525e+18 -1.40081e+26 -1.17599e+34 -3.99838e+41
8.92578 0 1.13909e-112 1.41642e-15 5.47498e-10 -0.000469556 -2634.52 1.56536e+11 1.04942e+19 3.91274e+26 4.42629e+33 -3.97751e+41
8.96484 0 4.52795e-84 2.38385e-15 6.8229e-10 -4.10139e-05 -14463.2 -3.74436e+11 -4.94454e+18 2.97471e+26 2.49007e+34 8.43984e+41
9.00391 0 4.45612e-62 3.91298e-15 8.00407e-10 0.00081628 5879.33 -2.99851e+11 -2.18013e+19 -8.12722e+26 -9.10019e+33 8.22335e+41
9.04297 0 1.08301e-46 6.27822e-15 9.43362e-10 0.00012834 26726.2 7.66983e+11 1.03954e+19 -6.02447e+26 -5.03109e+34 -1.70063e+42
9.08203 0 6.48546e-38 9.86756e-15 1.18723e-09 -0.00137363 -12253.2 5.51973e+11 4.31314e+19 1.60829e+27 1.78501e+34 -1.62079e+42
9.12109 0 1.45478e-35 1.52242e-14 1.49523e-09 -0.000281252 -47670.8 -1.49052e+12 -2.06658e+19 1.16123e+27 9.679e+34 3.26416e+42
9.16016 0 9.18675e-34 2.30976e-14 1.74457e-09 0.00224708 23939.1 -9.73989e+11 -8.109e+19 -3.02524e+27 -3.33244e+34 3.03829e+42
9.19922 0 3.15777e-32 3.45038e-14 1.98012e-09 0.000536178 81732.8 2.74381e+12 3.87938e+19 -2.12504e+27 -1.7685e+35 -5.95234e+42
9.23828 0 7.22662e-31 5.08031e-14 2.42338e-09 -0.00354873 -43896.6 1.64238e+12 1.44495e+20 5.39415e+27 5.90405e+34 -5.40164e+42
9.27734 0 1.21322e-29 7.38054e-14 3.065e-09 -0.000916594 -134082 -4.77287e+12 -6.8615e+19 3.6807e+27 3.05933e+35 1.02798e+43
9.31641 0 1.58122e-28 1.05905e-13 3.58538e-09 0.00540368 75493.6 -2.6364e+12 -2.43219e+20 -9.08579e+27 -9.89142e+34 9.07611e+42
9.35547 0 1.66017e-27 1.50232e-13 3.97485e-09 0.00145558 209362 7.81876e+12 1.13988e+20 -6.01087e+27 -4.99112e+35 -1.67475e+43
9.39453 0 1.44121e-26 2.10827e-13 4.72698e-09 -0.00786729 -121472 4.00942e+12 3.8506e+20 1.43941e+28 1.56007e+35 -1.43495e+43
9.43359 0 1.05474e-25 2.9287e-13 5.93826e-09 -0.00214079 -309239 -1.20064e+13 -1.77082e+20 9.20942e+27 7.64094e+35 2.56093e+43
9.47266 0 6.60715e-25 4.02972e-13 6.95986e-09 0.0108925 182071 -5.74108e+12 -5.70152e+20 -2.13262e+28 -2.30297e+35 2.12246e+43
9.51172 0 3.5871e-24 5.49528e-13 7.64989e-09 0.00294277 428764 1.71728e+13 2.55691e+20 -1.31508e+28 -1.09042e+36 -3.65121e+43
9.55078 0 1.70606e-23 7.43082e-13 8.9011e-09 -0.0141791 -252505 7.67647e+12 7.83502e+20 2.93223e+28 3.15717e+35 -2.91434e+43
9.58984 0 7.17741e-23 9.96775e-13 1.09752e-08 -0.00373403 -552421 -2.2673e+13 -3.4015e+20 1.73423e+28 1.43727e+36 4.80903e+43
9.62891 0 2.69551e-22 1.32693e-12 1.28134e-08 0.0171595 320676 -9.47429e+12 -9.88286e+20 -3.70031e+28 -3.97497e+35 3.67384e+43
9.66797 0 9.11831e-22 1.75375e-12 1.4146e-08 0.00435362 651911 2.72628e+13 4.11424e+20 -2.08357e+28 -1.72615e+36 -5.77227e+43
9.70703 0 2.80352e-21 2.30203e-12 1.62609e-08 -0.0189186 -366824 1.0605e+13 1.12492e+21 4.21344e+28 4.51822e+35 -4.17993e+43
9.74609 0 7.90601e-21 3.00204e-12 1.94907e-08 -0.0045369 -688824 -2.92091e+13 -4.4274e+20 2.23102e+28 1.8478e+36 6.17641e+43
9.78516 0 2.06351e-20 3.89054e-12 2.25274e-08 0.0184559 367159 -1.04489e+13 -1.12205e+21 -4.20382e+28 -4.50213e+35 4.16793e+43
9.82422 0 5.02853e-20 5.01207e-12 2.51908e-08 0.00408792 625087 2.67645e+13 4.06946e+20 -2.04351e+28 -1.69218e+36 -5.65452e+43
9.86328 0 1.15343e-19 6.42026e-12 2.8804e-08 -0.0149419 -302658 8.52289e+12 9.22831e+20 3.4581e+28 3.7003e+35 -3.42722e+43
9.90234 0 2.50848e-19 8.17938e-12 3.34637e-08 -0.00285822 -441342 -1.90121e+13 -2.89639e+20 1.45127e+28 1.20162e+36 4.01451e+43
9.94141 0 5.2053e-19 1.03662e-11 3.82065e-08 0.0083916 171449 -4.79916e+12 -5.221e+20 -1.95666e+28 -2.09268e+35 1.93876e+43
9.98047 0 1.03618e-18 1.30719e-11 4.32697e-08 0.00102775 157688 6.81254e+12 1.03882e+20 -5.19971e+27 -4.305e+35 -1.43813e+43
1.01953 0 1.9878e-18 1.64046e-11 4.92646e-08 4.5601e-05 770.363 -2.15001e+10 -2.34446e+18 -8.78678e+25 -9.39533e+32 8.7054e+40
